Arguments: 
  C:\Program Files\nodejs\node.exe C:\Users\p1212882\AppData\Roaming\npm\node_modules\yarn\bin\yarn.js add nodemailer --dev

PATH: 
  C:\Program Files\Common Files\Oracle\Java\javapath;C:\Program Files (x86)\Common Files\Oracle\Java\javapath;C:\WINDOWS\system32;C:\WINDOWS;C:\WINDOWS\System32\Wbem;C:\WINDOWS\System32\WindowsPowerShell\v1.0\;C:\WINDOWS\System32\OpenSSH\;C:\Program Files (x86)\Sennheiser\SenncomSDK\;C:\Program Files\nodejs\;C:\Program Files\Git\cmd;C:\Program Files\Docker\Docker\resources\bin;C:\ProgramData\DockerDesktop\version-bin;C:\Program Files\TortoiseSVN\bin;C:\Program Files\Apache Software Foundation\apache-maven-3.8.4\bin;C:\Users\p1212882\AppData\Local\Microsoft\WindowsApps;C:\Users\p1212882\AppData\Roaming\npm;C:\Users\p1212882\AppData\Local\GitHubDesktop\bin;C:\Program Files\JetBrains\IntelliJ IDEA 2021.3.2\bin;

Yarn version: 
  1.22.17

Node version: 
  14.17.4

Platform: 
  win32 x64

Trace: 
  Error: UNKNOWN: unknown error, lstat 'Z:\projet-matrice-periodiques\backend\node_modules\core-js\actual\string\to-well-formed.js'

npm manifest: 
  {
    "name": "mvc-crud-yt",
    "version": "1.0.0",
    "main": "index.js",
    "scripts": {
      "start": "nodemon index.js"
    },
    "keywords": [],
    "author": "",
    "license": "ISC",
    "dependencies": {
      "axios": "^0.24.0",
      "axios-https-proxy-fix": "^0.17.1",
      "body-parser": "^1.19.0",
      "browser-storage": "0.0.2",
      "connect-redis": "^6.0.0",
      "cookie-parser": "^1.4.5",
      "cookie-session": "^1.4.0",
      "dotenv": "^10.0.0",
      "ejs": "^3.1.6",
      "express": "^4.17.1",
      "express-http-proxy": "^1.6.3",
      "express-session": "^1.17.2",
      "global-tunnel-ng": "^2.7.1",
      "http-proxy": "^1.18.1",
      "http-proxy-middleware": "^2.0.1",
      "https-proxy-agent": "^5.0.0",
      "ip": "^1.1.5",
      "json-stringify-safe": "^5.0.1",
      "json-web-token": "^3.2.0",
      "jwt-simple": "^0.5.6",
      "mysql": "^2.18.1",
      "mysql2": "^2.3.0",
      "node-browser-history": "^2.4.6",
      "node-datetime": "^2.1.2",
      "node-fetch": "^3.0.0",
      "node-global-proxy": "^1.0.1",
      "node-localstorage": "^2.2.1",
      "node-sessionstorage": "^1.0.0",
      "one-time": "^1.0.0",
      "parseurl": "^1.3.3",
      "passport": "^0.4.1",
      "passport-azure-oauth2": "^0.1.0",
      "passport-google-oauth20": "^2.0.0",
      "passport-saml": "^3.1.2",
      "proxy-check": "^1.0.8",
      "redis": "^4.0.1",
      "request": "^2.88.2",
      "request-promise": "^4.2.6",
      "sessionstorage": "^0.1.0",
      "sqlstring": "^2.3.2",
      "superagent": "^6.1.0",
      "tunnel": "0.0.6"
    },
    "devDependencies": {
      "nodemon": "^2.0.4"
    },
    "description": ""
  }

yarn manifest: 
  No manifest

Lockfile: 
  No lockfile
