/apps/matrice-dev/projet-matrice-periodiques/backend/node_modules/passport-oauth2/lib/strategy.js:87
  if (!options.clientID) { throw new TypeError('OAuth2Strategy requires a clientID option'); }
                           ^

TypeError: OAuth2Strategy requires a clientID option
    at AzureOAuth2.OAuth2Strategy (/apps/matrice-dev/projet-matrice-periodiques/backend/node_modules/passport-oauth2/lib/strategy.js:87:34)
    at new AzureOAuth2 (/apps/matrice-dev/projet-matrice-periodiques/backend/node_modules/passport-azure-oauth2/lib/index.js:18:9)
    at new AzureOAuthStrategy (/apps/matrice-dev/projet-matrice-periodiques/backend/auth/auth.js:12:33)
    at Object.<anonymous> (/apps/matrice-dev/projet-matrice-periodiques/backend/auth/auth.js:44:18)
    at Module._compile (internal/modules/cjs/loader.js:1072:14)
    at Object.Module._extensions..js (internal/modules/cjs/loader.js:1101:10)
    at Module.load (internal/modules/cjs/loader.js:937:32)
    at Function.Module._load (internal/modules/cjs/loader.js:778:12)
    at Module.require (internal/modules/cjs/loader.js:961:19)
    at require (internal/modules/cjs/helpers.js:92:18)
/apps/matrice-dev/projet-matrice-periodiques/backend/node_modules/passport-oauth2/lib/strategy.js:87
  if (!options.clientID) { throw new TypeError('OAuth2Strategy requires a clientID option'); }
                           ^

TypeError: OAuth2Strategy requires a clientID option
    at AzureOAuth2.OAuth2Strategy (/apps/matrice-dev/projet-matrice-periodiques/backend/node_modules/passport-oauth2/lib/strategy.js:87:34)
    at new AzureOAuth2 (/apps/matrice-dev/projet-matrice-periodiques/backend/node_modules/passport-azure-oauth2/lib/index.js:18:9)
    at new AzureOAuthStrategy (/apps/matrice-dev/projet-matrice-periodiques/backend/auth/auth.js:12:33)
    at Object.<anonymous> (/apps/matrice-dev/projet-matrice-periodiques/backend/auth/auth.js:44:18)
    at Module._compile (internal/modules/cjs/loader.js:1072:14)
    at Object.Module._extensions..js (internal/modules/cjs/loader.js:1101:10)
    at Module.load (internal/modules/cjs/loader.js:937:32)
    at Function.Module._load (internal/modules/cjs/loader.js:778:12)
    at Module.require (internal/modules/cjs/loader.js:961:19)
    at require (internal/modules/cjs/helpers.js:92:18)
/apps/matrice-dev/projet-matrice-periodiques/backend/node_modules/passport-oauth2/lib/strategy.js:87
  if (!options.clientID) { throw new TypeError('OAuth2Strategy requires a clientID option'); }
                           ^

TypeError: OAuth2Strategy requires a clientID option
    at AzureOAuth2.OAuth2Strategy (/apps/matrice-dev/projet-matrice-periodiques/backend/node_modules/passport-oauth2/lib/strategy.js:87:34)
    at new AzureOAuth2 (/apps/matrice-dev/projet-matrice-periodiques/backend/node_modules/passport-azure-oauth2/lib/index.js:18:9)
    at new AzureOAuthStrategy (/apps/matrice-dev/projet-matrice-periodiques/backend/auth/auth.js:12:33)
    at Object.<anonymous> (/apps/matrice-dev/projet-matrice-periodiques/backend/auth/auth.js:44:18)
    at Module._compile (internal/modules/cjs/loader.js:1072:14)
    at Object.Module._extensions..js (internal/modules/cjs/loader.js:1101:10)
    at Module.load (internal/modules/cjs/loader.js:937:32)
    at Function.Module._load (internal/modules/cjs/loader.js:778:12)
    at Module.require (internal/modules/cjs/loader.js:961:19)
    at require (internal/modules/cjs/helpers.js:92:18)
/apps/matrice-dev/projet-matrice-periodiques/backend/node_modules/passport-oauth2/lib/strategy.js:87
  if (!options.clientID) { throw new TypeError('OAuth2Strategy requires a clientID option'); }
                           ^

TypeError: OAuth2Strategy requires a clientID option
    at AzureOAuth2.OAuth2Strategy (/apps/matrice-dev/projet-matrice-periodiques/backend/node_modules/passport-oauth2/lib/strategy.js:87:34)
    at new AzureOAuth2 (/apps/matrice-dev/projet-matrice-periodiques/backend/node_modules/passport-azure-oauth2/lib/index.js:18:9)
    at new AzureOAuthStrategy (/apps/matrice-dev/projet-matrice-periodiques/backend/auth/auth.js:12:33)
    at Object.<anonymous> (/apps/matrice-dev/projet-matrice-periodiques/backend/auth/auth.js:44:18)
    at Module._compile (internal/modules/cjs/loader.js:1072:14)
    at Object.Module._extensions..js (internal/modules/cjs/loader.js:1101:10)
    at Module.load (internal/modules/cjs/loader.js:937:32)
    at Function.Module._load (internal/modules/cjs/loader.js:778:12)
    at Module.require (internal/modules/cjs/loader.js:961:19)
    at require (internal/modules/cjs/helpers.js:92:18)
/apps/matrice-dev/projet-matrice-periodiques/backend/node_modules/passport-oauth2/lib/strategy.js:87
  if (!options.clientID) { throw new TypeError('OAuth2Strategy requires a clientID option'); }
                           ^

TypeError: OAuth2Strategy requires a clientID option
    at AzureOAuth2.OAuth2Strategy (/apps/matrice-dev/projet-matrice-periodiques/backend/node_modules/passport-oauth2/lib/strategy.js:87:34)
    at new AzureOAuth2 (/apps/matrice-dev/projet-matrice-periodiques/backend/node_modules/passport-azure-oauth2/lib/index.js:18:9)
    at new AzureOAuthStrategy (/apps/matrice-dev/projet-matrice-periodiques/backend/auth/auth.js:12:33)
    at Object.<anonymous> (/apps/matrice-dev/projet-matrice-periodiques/backend/auth/auth.js:44:18)
    at Module._compile (internal/modules/cjs/loader.js:1072:14)
    at Object.Module._extensions..js (internal/modules/cjs/loader.js:1101:10)
    at Module.load (internal/modules/cjs/loader.js:937:32)
    at Function.Module._load (internal/modules/cjs/loader.js:778:12)
    at Module.require (internal/modules/cjs/loader.js:961:19)
    at require (internal/modules/cjs/helpers.js:92:18)
/apps/matrice-dev/projet-matrice-periodiques/backend/node_modules/passport-oauth2/lib/strategy.js:87
  if (!options.clientID) { throw new TypeError('OAuth2Strategy requires a clientID option'); }
                           ^

TypeError: OAuth2Strategy requires a clientID option
    at AzureOAuth2.OAuth2Strategy (/apps/matrice-dev/projet-matrice-periodiques/backend/node_modules/passport-oauth2/lib/strategy.js:87:34)
    at new AzureOAuth2 (/apps/matrice-dev/projet-matrice-periodiques/backend/node_modules/passport-azure-oauth2/lib/index.js:18:9)
    at new AzureOAuthStrategy (/apps/matrice-dev/projet-matrice-periodiques/backend/auth/auth.js:12:33)
    at Object.<anonymous> (/apps/matrice-dev/projet-matrice-periodiques/backend/auth/auth.js:44:18)
    at Module._compile (internal/modules/cjs/loader.js:1072:14)
    at Object.Module._extensions..js (internal/modules/cjs/loader.js:1101:10)
    at Module.load (internal/modules/cjs/loader.js:937:32)
    at Function.Module._load (internal/modules/cjs/loader.js:778:12)
    at Module.require (internal/modules/cjs/loader.js:961:19)
    at require (internal/modules/cjs/helpers.js:92:18)
/apps/matrice-dev/projet-matrice-periodiques/backend/node_modules/passport-oauth2/lib/strategy.js:87
  if (!options.clientID) { throw new TypeError('OAuth2Strategy requires a clientID option'); }
                           ^

TypeError: OAuth2Strategy requires a clientID option
    at AzureOAuth2.OAuth2Strategy (/apps/matrice-dev/projet-matrice-periodiques/backend/node_modules/passport-oauth2/lib/strategy.js:87:34)
    at new AzureOAuth2 (/apps/matrice-dev/projet-matrice-periodiques/backend/node_modules/passport-azure-oauth2/lib/index.js:18:9)
    at new AzureOAuthStrategy (/apps/matrice-dev/projet-matrice-periodiques/backend/auth/auth.js:12:33)
    at Object.<anonymous> (/apps/matrice-dev/projet-matrice-periodiques/backend/auth/auth.js:44:18)
    at Module._compile (internal/modules/cjs/loader.js:1072:14)
    at Object.Module._extensions..js (internal/modules/cjs/loader.js:1101:10)
    at Module.load (internal/modules/cjs/loader.js:937:32)
    at Function.Module._load (internal/modules/cjs/loader.js:778:12)
    at Module.require (internal/modules/cjs/loader.js:961:19)
    at require (internal/modules/cjs/helpers.js:92:18)
/apps/matrice-dev/projet-matrice-periodiques/backend/node_modules/passport-oauth2/lib/strategy.js:87
  if (!options.clientID) { throw new TypeError('OAuth2Strategy requires a clientID option'); }
                           ^

TypeError: OAuth2Strategy requires a clientID option
    at AzureOAuth2.OAuth2Strategy (/apps/matrice-dev/projet-matrice-periodiques/backend/node_modules/passport-oauth2/lib/strategy.js:87:34)
    at new AzureOAuth2 (/apps/matrice-dev/projet-matrice-periodiques/backend/node_modules/passport-azure-oauth2/lib/index.js:18:9)
    at new AzureOAuthStrategy (/apps/matrice-dev/projet-matrice-periodiques/backend/auth/auth.js:12:33)
    at Object.<anonymous> (/apps/matrice-dev/projet-matrice-periodiques/backend/auth/auth.js:44:18)
    at Module._compile (internal/modules/cjs/loader.js:1072:14)
    at Object.Module._extensions..js (internal/modules/cjs/loader.js:1101:10)
    at Module.load (internal/modules/cjs/loader.js:937:32)
    at Function.Module._load (internal/modules/cjs/loader.js:778:12)
    at Module.require (internal/modules/cjs/loader.js:961:19)
    at require (internal/modules/cjs/helpers.js:92:18)
/apps/matrice-dev/projet-matrice-periodiques/backend/node_modules/passport-oauth2/lib/strategy.js:87
  if (!options.clientID) { throw new TypeError('OAuth2Strategy requires a clientID option'); }
                           ^

TypeError: OAuth2Strategy requires a clientID option
    at AzureOAuth2.OAuth2Strategy (/apps/matrice-dev/projet-matrice-periodiques/backend/node_modules/passport-oauth2/lib/strategy.js:87:34)
    at new AzureOAuth2 (/apps/matrice-dev/projet-matrice-periodiques/backend/node_modules/passport-azure-oauth2/lib/index.js:18:9)
    at new AzureOAuthStrategy (/apps/matrice-dev/projet-matrice-periodiques/backend/auth/auth.js:12:33)
    at Object.<anonymous> (/apps/matrice-dev/projet-matrice-periodiques/backend/auth/auth.js:44:18)
    at Module._compile (internal/modules/cjs/loader.js:1072:14)
    at Object.Module._extensions..js (internal/modules/cjs/loader.js:1101:10)
    at Module.load (internal/modules/cjs/loader.js:937:32)
    at Function.Module._load (internal/modules/cjs/loader.js:778:12)
    at Module.require (internal/modules/cjs/loader.js:961:19)
    at require (internal/modules/cjs/helpers.js:92:18)
/apps/matrice-dev/projet-matrice-periodiques/backend/node_modules/passport-oauth2/lib/strategy.js:87
  if (!options.clientID) { throw new TypeError('OAuth2Strategy requires a clientID option'); }
                           ^

TypeError: OAuth2Strategy requires a clientID option
    at AzureOAuth2.OAuth2Strategy (/apps/matrice-dev/projet-matrice-periodiques/backend/node_modules/passport-oauth2/lib/strategy.js:87:34)
    at new AzureOAuth2 (/apps/matrice-dev/projet-matrice-periodiques/backend/node_modules/passport-azure-oauth2/lib/index.js:18:9)
    at new AzureOAuthStrategy (/apps/matrice-dev/projet-matrice-periodiques/backend/auth/auth.js:12:33)
    at Object.<anonymous> (/apps/matrice-dev/projet-matrice-periodiques/backend/auth/auth.js:44:18)
    at Module._compile (internal/modules/cjs/loader.js:1072:14)
    at Object.Module._extensions..js (internal/modules/cjs/loader.js:1101:10)
    at Module.load (internal/modules/cjs/loader.js:937:32)
    at Function.Module._load (internal/modules/cjs/loader.js:778:12)
    at Module.require (internal/modules/cjs/loader.js:961:19)
    at require (internal/modules/cjs/helpers.js:92:18)
